<?xml version="1.0" encoding="UTF-8"?>
<!-- Generated by org.testng.reporters.JUnitReportReporter -->
<testsuite hostname="a-tlx22m8lzq0t" failures="0" tests="3" name="AccessManager.TestAccess_Manager" time="24.897" errors="0" timestamp="2022-05-02T13:37:52 IST" skipped="0">
  <testcase classname="AccessManager.TestAccess_Manager" name="Test_Login" time="0.501"/>
  <system-out/>
  <testcase classname="AccessManager.TestAccess_Manager" name="Test_NewUser" time="22.029"/>
  <system-out/>
  <testcase classname="AccessManager.TestAccess_Manager" name="Test_Device" time="2.367"/>
  <system-out/>
</testsuite> <!-- AccessManager.TestAccess_Manager -->
